# clear the display to keep it clean!
clear
# allow text output from any future commands  so 
# we can debug the menu items and use find to set vars
debug on

# Finds equipment the device is set to first find the current device. 
# Default search order: ud, pxe, network equipment, hard disk, CD-ROM, floppy disk
# --devices=upnhcf

#find windows drive
find --devices=h /windows/explorer.exe  | set OTITLE= 

# search in disks only for DTITLE ...
# https://github.com/chenall/grub4dos/issues/93
find --devices=h /easyPcRecovery/easyPcRecovery.txt | set DTITLE= 

# find source volume for Windows and our backup volume  and set root for real :S
find --set-root --devices=hc /easyPcRecovery/menus/getDisks.g4b 
# TODO: autodetect and use hda instead of sda if IDE HDD 
command /easyPcRecovery/menus/getDisks.g4b

#dont Use %LOCALES% by default...
#set LOCALES=locales="es_ES.UTF-8" keyboard-layouts="es"
#General
set BOPT=boot=live config noswap noprompt ip=frommedia union=overlay debug vga=normal username=user
#For clonezillas
set RUNC=ocs_live_run="ocs-live-general" live-media-path=/easyPcRecovery/clonezilla/live  toram=filesystem.squashfs
#For recovery/backup only
# Mount the pendrive an execute prerun.sh script to mount and create the dirs on /home/partimage
set PRERUN=ocs_prerun="mount /dev/sdb1 -o ro /media"  ocs_prerun1="cp /media/easyPcRecovery/clonezilla/prerun.sh /tmp/" ocs_prerun2="umount /media" ocs_prerun3="/tmp/prerun.sh %BAKDRV%"
#For gparted
set RUNG=live-media-path=/easyPcRecovery/gparted/live  toram=filesystem.squashfs 

timeout 500
default 0

iftitle [find --devices=h /ntldr]  [F3] Boot Windows XP from %OTITLE% 
find --set-root --devices=h /ntldr 
chainloader /ntldr

# If false (not working)
#iftitle [ checkrange 0 find --devices=h /easyPcRecovery/clonezilla/images/images_are_stored_here.txt ] You need to make some backup
#echo You need a partition/disk prepared for backups with the /easyPcRecovery/easyPcRecovery.txt file

iftitle [ find --devices=h /easyPcRecovery/clonezilla/images/images_are_stored_here.txt  ] [F5] Recover Windows XP Backup from %DTITLE% to %OTITLE%
#dont fit locales
set RUN1=ocs_live_run="ocs-sr -c --batch -e1 auto -e2 -j2 -k -p reboot restoreparts ask_user %WDRV%"
kernel /easyPcRecovery/clonezilla/live/vmlinuz %BOPT% %RUNC% %PRERUN% %RUN1% %LOCALES% ocs_live_batch="yes"
initrd /easyPcRecovery/clonezilla/live/initrd.img

# If false (not working)
#iftitle [ checkrange 0 find --devices=h /easyPcRecovery/easyPcRecovery.txt ] You need a partition/disk prepared for backups
#echo You need a partition/disk prepared for backups with the /easyPcRecovery/easyPcRecovery.txt file

iftitle [ find --devices=h /easyPcRecovery/easyPcRecovery.txt  ] [F6] Backup Windows XP from %OTITLE% to %DTITLE%
#dont fit locales
set RUN1=ocs_live_run="ocs-sr -q2 -sc -rm-win-swap-hib -c --batch -j2 -z1 -i 2000 -p reboot saveparts ask_user %WDRV%"
kernel /easyPcRecovery/clonezilla/live/vmlinuz %BOPT% %RUNC% %PRERUN% %RUN1% %LOCALES% ocs_live_batch="yes"
initrd /easyPcRecovery/clonezilla/live/initrd.img

iftitle [ find --devices=hc /easyPcRecovery/clonezilla/live/vmlinuz  ] [F7] Boot clonezilla (manual) 
kernel /easyPcRecovery/clonezilla/live/vmlinuz %LOCALES% %BOPT% %RUNC% ocs_live_batch="no"
initrd /easyPcRecovery/clonezilla/live/initrd.img

iftitle [ find --devices=hc /easyPcRecovery/gparted/live/vmlinuz ] [F8] GParted live (partitioning) 
set BOPT=boot=live config noswap noprompt ip=frommedia union=overlay debug vga=normal username=user
kernel /easyPcRecovery/gparted/live/vmlinuz %BOPT% %RUNG% 
initrd /easyPcRecovery/gparted/live/initrd.img

iftitle [ find --devices=hc /easyPcRecovery/menus/extras.lst ] [F9] Extra Options (recovery console,Windows Vista/7,USB boot,Slitaz)
configfile /easyPcRecovery/menus/extras.lst
